<?xml version="1.0" encoding="UTF-8"?>
<testsuite name="edu.coursera.parallel.MatrixMultiplyTest" time="137.268" tests="2" errors="0" skipped="0" failures="2">
  <properties>
[...]
</properties>
  <testcase name="testPar512_x_512" classname="edu.coursera.parallel.MatrixMultiplyTest" time="23.347">
    <failure message="It was expected that the parallel implementation would run at least 2.400000x faster, but it only achieved 1.790000x speedup" type="junit.framework.AssertionFailedError">junit.framework.AssertionFailedError: It was expected that the parallel implementation would run at least 2.400000x faster, but it only achieved 1.790000x speedup
	at junit.framework.Assert.fail(Assert.java:47)
	at junit.framework.Assert.assertTrue(Assert.java:20)
	at edu.coursera.parallel.MatrixMultiplyTest.testPar512_x_512(MatrixMultiplyTest.java:118)
</failure>
  </testcase>
  <testcase name="testPar768_x_768" classname="edu.coursera.parallel.MatrixMultiplyTest" time="113.921">
    <failure message="It was expected that the parallel implementation would run at least 2.400000x faster, but it only achieved 1.594697x speedup" type="junit.framework.AssertionFailedError">junit.framework.AssertionFailedError: It was expected that the parallel implementation would run at least 2.400000x faster, but it only achieved 1.594697x speedup
	at junit.framework.Assert.fail(Assert.java:47)
	at junit.framework.Assert.assertTrue(Assert.java:20)
	at edu.coursera.parallel.MatrixMultiplyTest.testPar768_x_768(MatrixMultiplyTest.java:130)
</failure>
  </testcase>
</testsuite>