-------------------------------------------------------------------------------
Test set: edu.coursera.parallel.StudentAnalyticsTest
-------------------------------------------------------------------------------
Tests run: 6, Failures: 0, Errors: 6, Skipped: 0, Time elapsed: 6.133 sec <<< FAILURE! - in edu.coursera.parallel.StudentAnalyticsTest
testAverageAgeOfEnrolledStudents(edu.coursera.parallel.StudentAnalyticsTest)  Time elapsed: 0.612 sec  <<< ERROR!
java.lang.UnsupportedOperationException
	at edu.coursera.parallel.StudentAnalytics.averageAgeOfEnrolledStudentsParallelStream(StudentAnalytics.java:49)
	at edu.coursera.parallel.StudentAnalyticsTest.averageAgeOfEnrolledStudentsHelper(StudentAnalyticsTest.java:53)
	at edu.coursera.parallel.StudentAnalyticsTest.testAverageAgeOfEnrolledStudents(StudentAnalyticsTest.java:71)

testAverageAgeOfEnrolledStudentsPerf(edu.coursera.parallel.StudentAnalyticsTest)  Time elapsed: 0.872 sec  <<< ERROR!
java.lang.UnsupportedOperationException
	at edu.coursera.parallel.StudentAnalytics.averageAgeOfEnrolledStudentsParallelStream(StudentAnalytics.java:49)
	at edu.coursera.parallel.StudentAnalyticsTest.averageAgeOfEnrolledStudentsHelper(StudentAnalyticsTest.java:53)
	at edu.coursera.parallel.StudentAnalyticsTest.testAverageAgeOfEnrolledStudentsPerf(StudentAnalyticsTest.java:79)

testMostCommonFirstNameOfInactiveStudents(edu.coursera.parallel.StudentAnalyticsTest)  Time elapsed: 1.098 sec  <<< ERROR!
java.lang.UnsupportedOperationException
	at edu.coursera.parallel.StudentAnalytics.mostCommonFirstNameOfInactiveStudentsParallelStream(StudentAnalytics.java:103)
	at edu.coursera.parallel.StudentAnalyticsTest.mostCommonFirstNameOfInactiveStudentsHelper(StudentAnalyticsTest.java:96)
	at edu.coursera.parallel.StudentAnalyticsTest.testMostCommonFirstNameOfInactiveStudents(StudentAnalyticsTest.java:112)

testMostCommonFirstNameOfInactiveStudentsPerf(edu.coursera.parallel.StudentAnalyticsTest)  Time elapsed: 2.411 sec  <<< ERROR!
java.lang.UnsupportedOperationException
	at edu.coursera.parallel.StudentAnalytics.mostCommonFirstNameOfInactiveStudentsParallelStream(StudentAnalytics.java:103)
	at edu.coursera.parallel.StudentAnalyticsTest.mostCommonFirstNameOfInactiveStudentsHelper(StudentAnalyticsTest.java:96)
	at edu.coursera.parallel.StudentAnalyticsTest.testMostCommonFirstNameOfInactiveStudentsPerf(StudentAnalyticsTest.java:120)

testCountNumberOfFailedStudentsOlderThan20(edu.coursera.parallel.StudentAnalyticsTest)  Time elapsed: 0.393 sec  <<< ERROR!
java.lang.UnsupportedOperationException
	at edu.coursera.parallel.StudentAnalytics.countNumberOfFailedStudentsOlderThan20ParallelStream(StudentAnalytics.java:139)
	at edu.coursera.parallel.StudentAnalyticsTest.countNumberOfFailedStudentsOlderThan20Helper(StudentAnalyticsTest.java:139)
	at edu.coursera.parallel.StudentAnalyticsTest.testCountNumberOfFailedStudentsOlderThan20(StudentAnalyticsTest.java:155)

testCountNumberOfFailedStudentsOlderThan20Perf(edu.coursera.parallel.StudentAnalyticsTest)  Time elapsed: 0.685 sec  <<< ERROR!
java.lang.UnsupportedOperationException
	at edu.coursera.parallel.StudentAnalytics.countNumberOfFailedStudentsOlderThan20ParallelStream(StudentAnalytics.java:139)
	at edu.coursera.parallel.StudentAnalyticsTest.countNumberOfFailedStudentsOlderThan20Helper(StudentAnalyticsTest.java:139)
	at edu.coursera.parallel.StudentAnalyticsTest.testCountNumberOfFailedStudentsOlderThan20Perf(StudentAnalyticsTest.java:163)

